{"event_name": "STT_REQUEST", "event_data": {"device": "microphone_1"}, "timestamp": "2026-02-13T11:28:08.806553Z", "session_id": "77dc8d8c-6d06-4bf1-9daa-985be0d08bd0", "level": "INFO"}
{"event_name": "STT_RESPONSE", "event_data": {"text": "What is the weather today?", "confidence": 0.95}, "timestamp": "2026-02-13T11:28:09.313146Z", "session_id": "77dc8d8c-6d06-4bf1-9daa-985be0d08bd0", "level": "INFO"}
{"event_name": "PROCESSING", "event_data": {"input": "What is the weather today?", "intent": "weather_query"}, "timestamp": "2026-02-13T11:28:09.518663Z", "session_id": "77dc8d8c-6d06-4bf1-9daa-985be0d08bd0", "level": "INFO"}
{"event_name": "TTS_REQUEST", "event_data": {"text": "The weather is sunny and 25 degrees."}, "timestamp": "2026-02-13T11:28:10.021682Z", "session_id": "77dc8d8c-6d06-4bf1-9daa-985be0d08bd0", "level": "INFO"}
{"event_name": "TTS_RESPONSE", "event_data": {"status": "success", "duration_ms": 1500}, "timestamp": "2026-02-13T11:28:10.526871Z", "session_id": "77dc8d8c-6d06-4bf1-9daa-985be0d08bd0", "level": "INFO"}
{"event_name": "STT_REQUEST", "event_data": {"device": "microphone_1"}, "timestamp": "2026-02-13T11:28:11.532660Z", "session_id": "e2ec0f8d-632c-4cdd-9951-e31461445fe8", "level": "INFO"}
{"event_name": "STT_RESPONSE", "event_data": {"text": "What is the weather today?", "confidence": 0.95}, "timestamp": "2026-02-13T11:28:12.038464Z", "session_id": "e2ec0f8d-632c-4cdd-9951-e31461445fe8", "level": "INFO"}
{"event_name": "PROCESSING", "event_data": {"input": "What is the weather today?", "intent": "weather_query"}, "timestamp": "2026-02-13T11:28:12.239138Z", "session_id": "e2ec0f8d-632c-4cdd-9951-e31461445fe8", "level": "INFO"}
{"event_name": "TTS_REQUEST", "event_data": {"text": "The weather is sunny and 25 degrees."}, "timestamp": "2026-02-13T11:28:12.740714Z", "session_id": "e2ec0f8d-632c-4cdd-9951-e31461445fe8", "level": "INFO"}
{"event_name": "TTS_RESPONSE", "event_data": {"status": "success", "duration_ms": 1500}, "timestamp": "2026-02-13T11:28:13.243509Z", "session_id": "e2ec0f8d-632c-4cdd-9951-e31461445fe8", "level": "INFO"}
{"event_name": "STT_REQUEST", "event_data": {"device": "microphone_1"}, "timestamp": "2026-02-13T11:28:14.249439Z", "session_id": "b97ee425-4845-4bd3-8b53-f91c63d540ec", "level": "INFO"}
{"event_name": "STT_RESPONSE", "event_data": {"text": "What is the weather today?", "confidence": 0.95}, "timestamp": "2026-02-13T11:28:14.754825Z", "session_id": "b97ee425-4845-4bd3-8b53-f91c63d540ec", "level": "INFO"}
{"event_name": "PROCESSING", "event_data": {"input": "What is the weather today?", "intent": "weather_query"}, "timestamp": "2026-02-13T11:28:14.959985Z", "session_id": "b97ee425-4845-4bd3-8b53-f91c63d540ec", "level": "INFO"}
{"event_name": "TTS_REQUEST", "event_data": {"text": "The weather is sunny and 25 degrees."}, "timestamp": "2026-02-13T11:28:15.465823Z", "session_id": "b97ee425-4845-4bd3-8b53-f91c63d540ec", "level": "INFO"}
{"event_name": "TTS_RESPONSE", "event_data": {"status": "success", "duration_ms": 1500}, "timestamp": "2026-02-13T11:28:15.969668Z", "session_id": "b97ee425-4845-4bd3-8b53-f91c63d540ec", "level": "INFO"}
{"event_name": "STT_REQUEST", "event_data": {"device": "microphone_1"}, "timestamp": "2026-02-13T11:29:33.959177Z", "session_id": "30363491-f41d-42ae-82c6-db8923cd370b", "level": "INFO"}
{"event_name": "STT_RESPONSE", "event_data": {"text": "What is the weather today?", "confidence": 0.95}, "timestamp": "2026-02-13T11:29:34.466161Z", "session_id": "30363491-f41d-42ae-82c6-db8923cd370b", "level": "INFO"}
{"event_name": "PROCESSING", "event_data": {"input": "What is the weather today?", "intent": "weather_query"}, "timestamp": "2026-02-13T11:29:34.667203Z", "session_id": "30363491-f41d-42ae-82c6-db8923cd370b", "level": "INFO"}
{"event_name": "TTS_REQUEST", "event_data": {"text": "The weather is sunny and 25 degrees."}, "timestamp": "2026-02-13T11:29:35.172936Z", "session_id": "30363491-f41d-42ae-82c6-db8923cd370b", "level": "INFO"}
{"event_name": "TTS_ERROR", "event_data": {"error": "Audio device busy"}, "timestamp": "2026-02-13T11:29:35.674458Z", "session_id": "30363491-f41d-42ae-82c6-db8923cd370b", "level": "ERROR"}
{"event_name": "STT_REQUEST", "event_data": {"device": "microphone_1"}, "timestamp": "2026-02-13T11:29:36.678027Z", "session_id": "92603fd5-56d0-46b7-927d-e6be34985d62", "level": "INFO"}
{"event_name": "STT_RESPONSE", "event_data": {"text": "What is the weather today?", "confidence": 0.95}, "timestamp": "2026-02-13T11:29:37.182811Z", "session_id": "92603fd5-56d0-46b7-927d-e6be34985d62", "level": "INFO"}
{"event_name": "PROCESSING", "event_data": {"input": "What is the weather today?", "intent": "weather_query"}, "timestamp": "2026-02-13T11:29:37.388213Z", "session_id": "92603fd5-56d0-46b7-927d-e6be34985d62", "level": "INFO"}
{"event_name": "TTS_REQUEST", "event_data": {"text": "The weather is sunny and 25 degrees."}, "timestamp": "2026-02-13T11:29:37.893993Z", "session_id": "92603fd5-56d0-46b7-927d-e6be34985d62", "level": "INFO"}
{"event_name": "TTS_RESPONSE", "event_data": {"status": "success", "duration_ms": 1500}, "timestamp": "2026-02-13T11:29:38.399615Z", "session_id": "92603fd5-56d0-46b7-927d-e6be34985d62", "level": "INFO"}
{"event_name": "STT_REQUEST", "event_data": {"device": "microphone_1"}, "timestamp": "2026-02-13T11:29:39.401796Z", "session_id": "6bf25a5f-5f52-4ab1-be7c-cb4c3dc37c4a", "level": "INFO"}
{"event_name": "STT_RESPONSE", "event_data": {"text": "What is the weather today?", "confidence": 0.95}, "timestamp": "2026-02-13T11:29:39.908738Z", "session_id": "6bf25a5f-5f52-4ab1-be7c-cb4c3dc37c4a", "level": "INFO"}
{"event_name": "PROCESSING", "event_data": {"input": "What is the weather today?", "intent": "weather_query"}, "timestamp": "2026-02-13T11:29:40.110540Z", "session_id": "6bf25a5f-5f52-4ab1-be7c-cb4c3dc37c4a", "level": "INFO"}
{"event_name": "TTS_REQUEST", "event_data": {"text": "The weather is sunny and 25 degrees."}, "timestamp": "2026-02-13T11:29:40.616262Z", "session_id": "6bf25a5f-5f52-4ab1-be7c-cb4c3dc37c4a", "level": "INFO"}
{"event_name": "TTS_RESPONSE", "event_data": {"status": "success", "duration_ms": 1500}, "timestamp": "2026-02-13T11:29:41.122111Z", "session_id": "6bf25a5f-5f52-4ab1-be7c-cb4c3dc37c4a", "level": "INFO"}
{"event_name": "STT_REQUEST", "event_data": {"device": "microphone_1"}, "timestamp": "2026-02-13T11:34:48.516462Z", "session_id": "abf01d38-3e1b-49d1-aa9f-649ad5a5fbab", "level": "INFO"}
{"event_name": "STT_RESPONSE", "event_data": {"text": "What is the weather today?", "confidence": 0.95}, "timestamp": "2026-02-13T11:34:49.022912Z", "session_id": "abf01d38-3e1b-49d1-aa9f-649ad5a5fbab", "level": "INFO"}
{"event_name": "PROCESSING", "event_data": {"input": "What is the weather today?", "intent": "weather_query"}, "timestamp": "2026-02-13T11:34:49.228655Z", "session_id": "abf01d38-3e1b-49d1-aa9f-649ad5a5fbab", "level": "INFO"}
{"event_name": "TTS_REQUEST", "event_data": {"text": "The weather is sunny and 25 degrees."}, "timestamp": "2026-02-13T11:34:49.732608Z", "session_id": "abf01d38-3e1b-49d1-aa9f-649ad5a5fbab", "level": "INFO"}
{"event_name": "TTS_RESPONSE", "event_data": {"status": "success", "duration_ms": 1500}, "timestamp": "2026-02-13T11:34:50.236774Z", "session_id": "abf01d38-3e1b-49d1-aa9f-649ad5a5fbab", "level": "INFO"}
{"event_name": "STT_REQUEST", "event_data": {"device": "microphone_1"}, "timestamp": "2026-02-13T11:34:51.239931Z", "session_id": "cfc2d72d-a6c1-4618-ad70-fbc11d9b144c", "level": "INFO"}
{"event_name": "STT_RESPONSE", "event_data": {"text": "What is the weather today?", "confidence": 0.95}, "timestamp": "2026-02-13T11:34:51.743392Z", "session_id": "cfc2d72d-a6c1-4618-ad70-fbc11d9b144c", "level": "INFO"}
{"event_name": "PROCESSING", "event_data": {"input": "What is the weather today?", "intent": "weather_query"}, "timestamp": "2026-02-13T11:34:51.949211Z", "session_id": "cfc2d72d-a6c1-4618-ad70-fbc11d9b144c", "level": "INFO"}
{"event_name": "TTS_REQUEST", "event_data": {"text": "The weather is sunny and 25 degrees."}, "timestamp": "2026-02-13T11:34:52.451234Z", "session_id": "cfc2d72d-a6c1-4618-ad70-fbc11d9b144c", "level": "INFO"}
{"event_name": "TTS_RESPONSE", "event_data": {"status": "success", "duration_ms": 1500}, "timestamp": "2026-02-13T11:34:52.953011Z", "session_id": "cfc2d72d-a6c1-4618-ad70-fbc11d9b144c", "level": "INFO"}
{"event_name": "STT_REQUEST", "event_data": {"device": "microphone_1"}, "timestamp": "2026-02-13T11:34:53.957493Z", "session_id": "5bbc6b2e-e0c5-4105-bcce-e8a489daf002", "level": "INFO"}
{"event_name": "STT_RESPONSE", "event_data": {"text": "What is the weather today?", "confidence": 0.95}, "timestamp": "2026-02-13T11:34:54.458752Z", "session_id": "5bbc6b2e-e0c5-4105-bcce-e8a489daf002", "level": "INFO"}
{"event_name": "PROCESSING", "event_data": {"input": "What is the weather today?", "intent": "weather_query"}, "timestamp": "2026-02-13T11:34:54.660554Z", "session_id": "5bbc6b2e-e0c5-4105-bcce-e8a489daf002", "level": "INFO"}
{"event_name": "TTS_REQUEST", "event_data": {"text": "The weather is sunny and 25 degrees."}, "timestamp": "2026-02-13T11:34:55.163951Z", "session_id": "5bbc6b2e-e0c5-4105-bcce-e8a489daf002", "level": "INFO"}
{"event_name": "TTS_RESPONSE", "event_data": {"status": "success", "duration_ms": 1500}, "timestamp": "2026-02-13T11:34:55.668806Z", "session_id": "5bbc6b2e-e0c5-4105-bcce-e8a489daf002", "level": "INFO"}
{"event_name": "STT_REQUEST", "event_data": {"device": "microphone_1"}, "timestamp": "2026-02-13T13:45:42.000721Z", "session_id": "d317dfac-03b0-4a55-bbca-19a3f3fdf517", "level": "INFO"}
{"event_name": "STT_RESPONSE", "event_data": {"text": "What is the weather today?", "confidence": 0.95}, "timestamp": "2026-02-13T13:45:42.506736Z", "session_id": "d317dfac-03b0-4a55-bbca-19a3f3fdf517", "level": "INFO"}
{"event_name": "PROCESSING", "event_data": {"input": "What is the weather today?", "intent": "weather_query"}, "timestamp": "2026-02-13T13:45:42.711550Z", "session_id": "d317dfac-03b0-4a55-bbca-19a3f3fdf517", "level": "INFO"}
{"event_name": "TTS_REQUEST", "event_data": {"text": "The weather is sunny and 25 degrees."}, "timestamp": "2026-02-13T13:45:43.213331Z", "session_id": "d317dfac-03b0-4a55-bbca-19a3f3fdf517", "level": "INFO"}
{"event_name": "TTS_ERROR", "event_data": {"error": "Audio device busy"}, "timestamp": "2026-02-13T13:45:43.719008Z", "session_id": "d317dfac-03b0-4a55-bbca-19a3f3fdf517", "level": "ERROR"}
{"event_name": "STT_REQUEST", "event_data": {"device": "microphone_1"}, "timestamp": "2026-02-13T13:45:44.721245Z", "session_id": "c9414ccf-3a34-4999-b017-d78e6dfda620", "level": "INFO"}
{"event_name": "STT_RESPONSE", "event_data": {"text": "What is the weather today?", "confidence": 0.95}, "timestamp": "2026-02-13T13:45:45.224437Z", "session_id": "c9414ccf-3a34-4999-b017-d78e6dfda620", "level": "INFO"}
{"event_name": "PROCESSING", "event_data": {"input": "What is the weather today?", "intent": "weather_query"}, "timestamp": "2026-02-13T13:45:45.425679Z", "session_id": "c9414ccf-3a34-4999-b017-d78e6dfda620", "level": "INFO"}
{"event_name": "TTS_REQUEST", "event_data": {"text": "The weather is sunny and 25 degrees."}, "timestamp": "2026-02-13T13:45:45.931230Z", "session_id": "c9414ccf-3a34-4999-b017-d78e6dfda620", "level": "INFO"}
{"event_name": "TTS_RESPONSE", "event_data": {"status": "success", "duration_ms": 1500}, "timestamp": "2026-02-13T13:45:46.435842Z", "session_id": "c9414ccf-3a34-4999-b017-d78e6dfda620", "level": "INFO"}
{"event_name": "STT_REQUEST", "event_data": {"device": "microphone_1"}, "timestamp": "2026-02-13T13:45:47.436700Z", "session_id": "e0d8c5eb-3219-4f57-9f29-8cf65032794a", "level": "INFO"}
{"event_name": "STT_RESPONSE", "event_data": {"text": "What is the weather today?", "confidence": 0.95}, "timestamp": "2026-02-13T13:45:47.942330Z", "session_id": "e0d8c5eb-3219-4f57-9f29-8cf65032794a", "level": "INFO"}
{"event_name": "PROCESSING", "event_data": {"input": "What is the weather today?", "intent": "weather_query"}, "timestamp": "2026-02-13T13:45:48.146031Z", "session_id": "e0d8c5eb-3219-4f57-9f29-8cf65032794a", "level": "INFO"}
{"event_name": "TTS_REQUEST", "event_data": {"text": "The weather is sunny and 25 degrees."}, "timestamp": "2026-02-13T13:45:48.652042Z", "session_id": "e0d8c5eb-3219-4f57-9f29-8cf65032794a", "level": "INFO"}
{"event_name": "TTS_RESPONSE", "event_data": {"status": "success", "duration_ms": 1500}, "timestamp": "2026-02-13T13:45:49.158084Z", "session_id": "e0d8c5eb-3219-4f57-9f29-8cf65032794a", "level": "INFO"}
